{"numFailedTestSuites":1,"numFailedTests":2,"numPassedTestSuites":3,"numPassedTests":4,"numPendingTestSuites":0,"numPendingTests":2,"numRuntimeErrorTestSuites":0,"numTodoTests":1,"numTotalTestSuites":4,"numTotalTests":9,"openHandles":[],"snapshot":{"added":0,"didUpdate":false,"failure":false,"filesAdded":0,"filesRemoved":0,"filesRemovedList":[],"filesUnmatched":0,"filesUpdated":0,"matched":0,"total":0,"unchecked":0,"uncheckedKeysByFile":[],"unmatched":0,"updated":0},"startTime":1671616340604,"success":false,"testResults":[{"assertionResults":[{"ancestorTitles":[],"failureMessages":[],"fullName":"adds 1 + 2 to equal 3","location":null,"status":"pending","title":"adds 1 + 2 to equal 3"},{"ancestorTitles":[],"failureMessages":[],"fullName":"adds 3 + 2 to equal 3","location":null,"status":"todo","title":"adds 3 + 2 to equal 3"}],"endTime":1671616343859,"message":"","name":"/nodejs-test/sum.test.js","startTime":1671616342585,"status":"passed","summary":""},{"assertionResults":[{"ancestorTitles":["加法函数的测试"],"failureMessages":[],"fullName":"加法函数的测试 1 加 1 应该等于 2","location":null,"status":"passed","title":"1 加 1 应该等于 2"}],"endTime":1671616344688,"message":"","name":"/nodejs-test/test/sum.mocha.test.js","startTime":1671616343046,"status":"passed","summary":""},{"assertionResults":[{"ancestorTitles":[],"failureMessages":[],"fullName":"adds 1 + 2 to equal 3","location":null,"status":"passed","title":"adds 1 + 2 to equal 3"}],"endTime":1671616345009,"message":"","name":"/nodejs-test/sub.test.js","startTime":1671616343639,"status":"passed","summary":""},{"assertionResults":[{"ancestorTitles":["减法函数的测试"],"failureMessages":[],"fullName":"减法函数的测试 1 减 1 应该等于 0","location":null,"status":"passed","title":"1 减 1 应该等于 0"},{"ancestorTitles":["减法函数的测试"],"failureMessages":["\u001b[2massert\u001b[22m\u001b[2m.strictEqual(\u001b[22m\u001b[31mreceived\u001b[39m\u001b[2m, \u001b[22m\u001b[32mexpected\u001b[39m\u001b[2m)\u001b[22m\n\n\u001b[0mExpected value to strictly be equal to:\u001b[0m\n\u001b[0m\u001b[0m  \u001b[32m2\u001b[39m\n\u001b[0mReceived:\u001b[0m\n\u001b[0m\u001b[0m  \u001b[31m0\u001b[39m\u001b[0m\u001b[0m\n\u001b[0m\u001b[0m\n\u001b[0mMessage:\u001b[0m\n\u001b[0m  expected +0 to equal 2\u001b[0m\n    at Object.<anonymous> (/nodejs-test/test/sub.test.js:11:29)\n    at Object.asyncJestTest (/nodejs-test/node_modules/jest-jasmine2/build/jasmineAsyncInstall.js:106:37)\n    at /nodejs-test/node_modules/jest-jasmine2/build/queueRunner.js:45:12\n    at new Promise (<anonymous>)\n    at mapper (/nodejs-test/node_modules/jest-jasmine2/build/queueRunner.js:28:19)\n    at /nodejs-test/node_modules/jest-jasmine2/build/queueRunner.js:75:41\n    at processTicksAndRejections (node:internal/process/task_queues:95:5)"],"fullName":"减法函数的测试 failed 1 减 1 应该等于 2","location":null,"status":"failed","title":"failed 1 减 1 应该等于 2"},{"ancestorTitles":["describe skip 测试"],"failureMessages":[],"fullName":"describe skip 测试 skip 1 减 1 应该等于 0","location":null,"status":"pending","title":"skip 1 减 1 应该等于 0"},{"ancestorTitles":["skip 测试"],"failureMessages":["TypeError: this.skip is not a function\n    at Object.<anonymous> (/nodejs-test/test/sub.test.js:23:10)\n    at Object.asyncJestTest (/nodejs-test/node_modules/jest-jasmine2/build/jasmineAsyncInstall.js:106:37)\n    at /nodejs-test/node_modules/jest-jasmine2/build/queueRunner.js:45:12\n    at new Promise (<anonymous>)\n    at mapper (/nodejs-test/node_modules/jest-jasmine2/build/queueRunner.js:28:19)\n    at /nodejs-test/node_modules/jest-jasmine2/build/queueRunner.js:75:41\n    at processTicksAndRejections (node:internal/process/task_queues:95:5)"],"fullName":"skip 测试 inline skip 1 减 1 应该等于 0","location":null,"status":"failed","title":"inline skip 1 减 1 应该等于 0"},{"ancestorTitles":["skip 测试"],"failureMessages":[],"fullName":"skip 测试 3 减 1 应该等于 2","location":null,"status":"passed","title":"3 减 1 应该等于 2"}],"endTime":1671616345123,"message":"\u001b[1m\u001b[31m  \u001b[1m● \u001b[22m\u001b[1m减法函数的测试 › failed 1 减 1 应该等于 2\u001b[39m\u001b[22m\n\n    \u001b[2massert\u001b[22m\u001b[2m.strictEqual(\u001b[22m\u001b[31mreceived\u001b[39m\u001b[2m, \u001b[22m\u001b[32mexpected\u001b[39m\u001b[2m)\u001b[22m\n\n    \u001b[0mExpected value to strictly be equal to:\u001b[0m\n    \u001b[0m\u001b[0m  \u001b[32m2\u001b[39m\n    \u001b[0mReceived:\u001b[0m\n    \u001b[0m\u001b[0m  \u001b[31m0\u001b[39m\u001b[0m\u001b[0m\n    \u001b[0m\u001b[0m\n    \u001b[0mMessage:\u001b[0m\n    \u001b[0m  expected +0 to equal 2\u001b[0m\n\u001b[2m\u001b[22m\n\u001b[2m    \u001b[0m \u001b[90m  9 |\u001b[39m\u001b[0m\u001b[22m\n\u001b[2m    \u001b[0m \u001b[90m 10 |\u001b[39m   it(\u001b[32m'failed 1 减 1 应该等于 2'\u001b[39m\u001b[33m,\u001b[39m \u001b[36mfunction\u001b[39m() {\u001b[0m\u001b[22m\n\u001b[2m    \u001b[0m\u001b[31m\u001b[1m>\u001b[22m\u001b[2m\u001b[39m\u001b[90m 11 |\u001b[39m     expect(sub(\u001b[35m1\u001b[39m\u001b[33m,\u001b[39m \u001b[35m1\u001b[39m))\u001b[33m.\u001b[39mto\u001b[33m.\u001b[39mbe\u001b[33m.\u001b[39mequal(\u001b[35m2\u001b[39m)\u001b[33m;\u001b[39m\u001b[0m\u001b[22m\n\u001b[2m    \u001b[0m \u001b[90m    |\u001b[39m                             \u001b[31m\u001b[1m^\u001b[22m\u001b[2m\u001b[39m\u001b[0m\u001b[22m\n\u001b[2m    \u001b[0m \u001b[90m 12 |\u001b[39m   })\u001b[33m;\u001b[39m\u001b[0m\u001b[22m\n\u001b[2m    \u001b[0m \u001b[90m 13 |\u001b[39m })\u001b[33m;\u001b[39m\u001b[0m\u001b[22m\n\u001b[2m    \u001b[0m \u001b[90m 14 |\u001b[39m\u001b[0m\u001b[22m\n\u001b[2m\u001b[22m\n\u001b[2m      \u001b[2mat Object.<anonymous> (\u001b[22m\u001b[2m\u001b[0m\u001b[36mtest/sub.test.js\u001b[39m\u001b[0m\u001b[2m:11:29)\u001b[22m\u001b[2m\u001b[22m\n\n\u001b[1m\u001b[31m  \u001b[1m● \u001b[22m\u001b[1mskip 测试 › inline skip 1 减 1 应该等于 0\u001b[39m\u001b[22m\n\n    TypeError: this.skip is not a function\n\u001b[2m\u001b[22m\n\u001b[2m    \u001b[0m \u001b[90m 21 |\u001b[39m describe(\u001b[32m'skip 测试'\u001b[39m\u001b[33m,\u001b[39m \u001b[36mfunction\u001b[39m() {\u001b[0m\u001b[22m\n\u001b[2m    \u001b[0m \u001b[90m 22 |\u001b[39m   it(\u001b[32m'inline skip 1 减 1 应该等于 0'\u001b[39m\u001b[33m,\u001b[39m \u001b[36mfunction\u001b[39m() {\u001b[0m\u001b[22m\n\u001b[2m    \u001b[0m\u001b[31m\u001b[1m>\u001b[22m\u001b[2m\u001b[39m\u001b[90m 23 |\u001b[39m     \u001b[36mthis\u001b[39m\u001b[33m.\u001b[39mskip()\u001b[0m\u001b[22m\n\u001b[2m    \u001b[0m \u001b[90m    |\u001b[39m          \u001b[31m\u001b[1m^\u001b[22m\u001b[2m\u001b[39m\u001b[0m\u001b[22m\n\u001b[2m    \u001b[0m \u001b[90m 24 |\u001b[39m     expect(sub(\u001b[35m1\u001b[39m\u001b[33m,\u001b[39m \u001b[35m1\u001b[39m))\u001b[33m.\u001b[39mto\u001b[33m.\u001b[39mbe\u001b[33m.\u001b[39mequal(\u001b[35m0\u001b[39m)\u001b[33m;\u001b[39m\u001b[0m\u001b[22m\n\u001b[2m    \u001b[0m \u001b[90m 25 |\u001b[39m   })\u001b[33m;\u001b[39m\u001b[0m\u001b[22m\n\u001b[2m    \u001b[0m \u001b[90m 26 |\u001b[39m\u001b[0m\u001b[22m\n\u001b[2m\u001b[22m\n\u001b[2m      \u001b[2mat Object.<anonymous> (\u001b[22m\u001b[2m\u001b[0m\u001b[36mtest/sub.test.js\u001b[39m\u001b[0m\u001b[2m:23:10)\u001b[22m\u001b[2m\u001b[22m\n","name":"/nodejs-test/test/sub.test.js","startTime":1671616342969,"status":"failed","summary":""}],"wasInterrupted":false,"coverageMap":{"/nodejs-test/sum.js":{"path":"/nodejs-test/sum.js","statementMap":{"0":{"start":{"line":2,"column":4},"end":{"line":4,"column":5}},"1":{"start":{"line":3,"column":6},"end":{"line":3,"column":15}},"2":{"start":{"line":5,"column":4},"end":{"line":5,"column":17}},"3":{"start":{"line":8,"column":2},"end":{"line":8,"column":23}}},"fnMap":{"0":{"name":"sum","decl":{"start":{"line":1,"column":9},"end":{"line":1,"column":12}},"loc":{"start":{"line":1,"column":19},"end":{"line":6,"column":3}},"line":1}},"branchMap":{"0":{"loc":{"start":{"line":2,"column":4},"end":{"line":4,"column":5}},"type":"if","locations":[{"start":{"line":2,"column":4},"end":{"line":4,"column":5}},{"start":{},"end":{}}],"line":2}},"s":{"0":1,"1":0,"2":1,"3":2},"f":{"0":1},"b":{"0":[0,1]},"_coverageSchema":"1a1c01bbd47fc00a2c39e90264f33305004495a9","hash":"721922a6e041dc5a44b1bc239d04f7ba77fc5953"},"/nodejs-test/sub.js":{"path":"/nodejs-test/sub.js","statementMap":{"0":{"start":{"line":2,"column":4},"end":{"line":4,"column":5}},"1":{"start":{"line":3,"column":6},"end":{"line":3,"column":15}},"2":{"start":{"line":6,"column":4},"end":{"line":8,"column":5}},"3":{"start":{"line":7,"column":8},"end":{"line":7,"column":17}},"4":{"start":{"line":10,"column":4},"end":{"line":10,"column":17}},"5":{"start":{"line":13,"column":2},"end":{"line":13,"column":23}}},"fnMap":{"0":{"name":"sub","decl":{"start":{"line":1,"column":9},"end":{"line":1,"column":12}},"loc":{"start":{"line":1,"column":19},"end":{"line":11,"column":3}},"line":1}},"branchMap":{"0":{"loc":{"start":{"line":2,"column":4},"end":{"line":4,"column":5}},"type":"if","locations":[{"start":{"line":2,"column":4},"end":{"line":4,"column":5}},{"start":{},"end":{}}],"line":2},"1":{"loc":{"start":{"line":6,"column":4},"end":{"line":8,"column":5}},"type":"if","locations":[{"start":{"line":6,"column":4},"end":{"line":8,"column":5}},{"start":{},"end":{}}],"line":6}},"s":{"0":4,"1":0,"2":4,"3":0,"4":4,"5":2},"f":{"0":4},"b":{"0":[0,4],"1":[0,4]},"_coverageSchema":"1a1c01bbd47fc00a2c39e90264f33305004495a9","hash":"810d512cd8cf787b0f0e553057cfc0e7bda76a01"}}}
